2024-04-14 13:32:07 - [Thread-0] - INFO  - net.openhft.chronicle.core.Jvm - Chronicle core loaded from file:/Users/vuhoangha/.m2/repository/net/openhft/chronicle-core/2.25ea10/chronicle-core-2.25ea10.jar
2024-04-14 13:32:07 - [Thread-0] - INFO  - n.o.c.b.internal.ChunkedMappedFile - Took 8 ms to add mapping for /Users/vuhoangha/Desktop/chronicle-queue-data/collector/metadata.cq4t
2024-04-14 13:32:08 - [Thread-0] - INFO  - n.o.c.threads.DiskSpaceMonitor - Took 4.796 ms to pollDiskSpace for /Users/vuhoangha/Desktop/chronicle-queue-data/collector
2024-04-14 13:32:08 - [Thread-0] - INFO  - n.o.c.c.i.a.InternalAnnouncer - Running under Java(TM) SE Runtime Environment 1.8.0_391-b13 with 12 processors reported.
2024-04-14 13:32:08 - [Thread-0] - INFO  - n.o.c.c.i.a.InternalAnnouncer - Leave your e-mail to get information about the latest releases and patches at https://chronicle.software/release-notes/
2024-04-14 13:32:08 - [Thread-0] - INFO  - n.o.c.c.i.a.InternalAnnouncer - Process id: 10797 :: Chronicle Queue (5.25ea12)
2024-04-14 13:32:08 - [Thread-0] - INFO  - n.o.c.c.i.a.InternalAnnouncer - Analytics: Chronicle Queue reports usage statistics. Learn more or turn off: https://github.com/OpenHFT/Chronicle-Queue/blob/ea/DISCLAIMER.adoc
2024-04-14 13:32:08 - [Thread-3] - INFO  - n.o.c.queue.impl.single.SCQIndexing - Took 851 us to linearScan by position from 7447972 to 9223372036854775807 = (0x7fffffffffffffff-0x71a5a4)=9223372036847327835
2024-04-14 13:32:17 - [Thread-2] - INFO  - i.g.v.Example.ManyToOneExample - Run time: 8739
2024-04-14 13:32:26 - [Thread-2] - INFO  - i.g.v.Example.ManyToOneExample - Run time: 8225
2024-04-14 13:38:10 - [Thread-0] - INFO  - net.openhft.chronicle.core.Jvm - Chronicle core loaded from file:/Users/vuhoangha/.m2/repository/net/openhft/chronicle-core/2.25ea10/chronicle-core-2.25ea10.jar
2024-04-14 13:38:10 - [Thread-0] - INFO  - n.o.c.b.internal.ChunkedMappedFile - Took 2594 us to grow file /Users/vuhoangha/Desktop/chronicle-queue-data/source/metadata.cq4t
2024-04-14 13:38:10 - [Thread-0] - INFO  - n.o.c.b.internal.ChunkedMappedFile - Took 3 ms to add mapping for /Users/vuhoangha/Desktop/chronicle-queue-data/source/metadata.cq4t
2024-04-14 13:38:10 - [Thread-0] - INFO  - n.o.c.threads.DiskSpaceMonitor - Took 4.45 ms to pollDiskSpace for /Users/vuhoangha/Desktop/chronicle-queue-data/source
2024-04-14 13:38:10 - [Thread-0] - INFO  - n.o.c.c.i.a.InternalAnnouncer - Running under Java(TM) SE Runtime Environment 1.8.0_391-b13 with 12 processors reported.
2024-04-14 13:38:10 - [Thread-0] - INFO  - n.o.c.c.i.a.InternalAnnouncer - Leave your e-mail to get information about the latest releases and patches at https://chronicle.software/release-notes/
2024-04-14 13:38:10 - [Thread-0] - INFO  - n.o.c.c.i.a.InternalAnnouncer - Process id: 10875 :: Chronicle Queue (5.25ea12)
2024-04-14 13:38:10 - [Thread-0] - INFO  - n.o.c.c.i.a.InternalAnnouncer - Analytics: Chronicle Queue reports usage statistics. Learn more or turn off: https://github.com/OpenHFT/Chronicle-Queue/blob/ea/DISCLAIMER.adoc
2024-04-14 13:38:11 - [Thread-8] - INFO  - io.github.vuhoangha.OneToMany.Sinkin - Sinkin syncing......
2024-04-14 13:38:11 - [Thread-8] - INFO  - io.github.vuhoangha.OneToMany.Sinkin - Sinkin synced
2024-04-14 13:38:11 - [Thread-8] - INFO  - io.github.vuhoangha.OneToMany.Sinkin - Sinkin synced done !
2024-04-14 13:38:11 - [pool-4-thread-1] - INFO  - io.github.vuhoangha.OneToMany.Sinkin - Sinkin start subscribe
2024-04-14 13:38:12 - [pool-5-thread-1] - INFO  - n.o.c.queue.impl.single.SCQIndexing - Took 193 us to linearScan by position from 524560 to 9223372036854775807 = (0x7fffffffffffffff-0x80110)=9223372036854251247
2024-04-14 13:38:22 - [Thread-5] - INFO  - io.github.vuhoangha.OneToMany.Fanout - Fanout closing...
2024-04-14 13:38:22 - [Thread-9] - INFO  - io.github.vuhoangha.OneToMany.Sinkin - Sinkin closing...
2024-04-14 13:38:22 - [Thread-2] - INFO  - io.github.vuhoangha.OneToMany.Fanout - Fanout closing subscribe write queue
2024-04-14 13:38:22 - [pool-3-thread-1] - INFO  - io.github.vuhoangha.OneToMany.Sinkin - Sinkin subscribe write queue closed
2024-04-14 13:38:23 - [Thread-5] - INFO  - io.github.vuhoangha.OneToMany.Fanout - Fanout CLOSED !
2024-04-14 13:38:23 - [Thread-9] - INFO  - io.github.vuhoangha.OneToMany.Sinkin - Sinkin CLOSED !
